2020-12-25 21:51:25 INFO  RegistrationTest:45 - Url opened
2020-12-25 21:51:50 INFO  RegistrationTest:45 - Url opened
2020-12-25 21:51:56 INFO  LoginTest:20 - Login is done successfully
2020-12-25 21:52:12 INFO  RegistrationTest:45 - Url opened
2020-12-25 21:52:19 INFO  WomenSelectTest:18 - The same product name is displayed successfully
2020-12-25 21:52:33 INFO  RegistrationTest:45 - Url opened
2020-12-25 21:52:39 INFO  LoginTest:32 - Negative Test Case: Invalid Login Verified
2020-12-25 21:52:45 DEBUG cache:45 - Couldn't find template in cache for "Extent.ftl"("en_IN", UTF-8, parsed); will try to load it.
2020-12-25 21:52:45 DEBUG cache:45 - TemplateLoader.findTemplateSource("Extent_en_IN.ftl"): Not found
2020-12-25 21:52:45 DEBUG cache:45 - TemplateLoader.findTemplateSource("Extent_en.ftl"): Not found
2020-12-25 21:52:45 DEBUG cache:45 - TemplateLoader.findTemplateSource("Extent.ftl"): Found
2020-12-25 21:52:45 DEBUG cache:45 - Loading template for "Extent.ftl"("en_IN", UTF-8, parsed) from "jar:file:/C:/Users/adarshgarg/.m2/repository/com/relevantcodes/extentreports/2.41.2/extentreports-2.41.2.jar!/com/relevantcodes/extentreports/view/Extent.ftl"
2020-12-25 21:52:45 DEBUG cache:45 - Couldn't find template in cache for "Extent.ftl"("en_IN", UTF-8, parsed); will try to load it.
2020-12-25 21:52:45 DEBUG cache:45 - TemplateLoader.findTemplateSource("Extent_en_IN.ftl"): Not found
2020-12-25 21:52:45 DEBUG cache:45 - TemplateLoader.findTemplateSource("Extent_en.ftl"): Not found
2020-12-25 21:52:45 DEBUG cache:45 - TemplateLoader.findTemplateSource("Extent.ftl"): Found
2020-12-25 21:52:45 DEBUG cache:45 - Loading template for "Extent.ftl"("en_IN", UTF-8, parsed) from "jar:file:/C:/Users/adarshgarg/.m2/repository/com/relevantcodes/extentreports/2.41.2/extentreports-2.41.2.jar!/com/relevantcodes/extentreports/view/Extent.ftl"
2020-12-29 16:47:09 INFO  RegistrationTest:45 - Url opened
2020-12-29 16:47:37 INFO  LoginTest:20 - Login is done successfully
2021-01-17 16:40:46 INFO  RegistrationTest:45 - Url opened
2021-01-17 16:40:52 INFO  LoginTest:20 - Login is done successfully
2021-05-20 16:44:41 INFO  RegistrationTest:45 - Url opened
2021-05-21 11:05:04 INFO  RegistrationTest:45 - Url opened
2021-05-21 11:05:25 INFO  LoginTest:20 - Login is done successfully
2021-05-21 12:02:02 INFO  RegistrationTest:45 - Url opened
2021-05-21 12:03:55 INFO  RegistrationTest:45 - Url opened
2021-05-21 12:04:18 INFO  LoginTest:32 - Negative Test Case: Invalid Login Verified
2021-08-08 10:12:44 INFO  RegistrationTest:45 - Url opened
2021-08-08 10:12:49 INFO  LoginTest:20 - Login is done successfully
2021-08-12 15:48:31 INFO  RegistrationTest:45 - Url opened
2021-08-12 16:05:30 INFO  RegistrationTest:45 - Url opened
2021-08-12 16:15:24 INFO  RegistrationTest:45 - Url opened
2021-08-12 16:20:59 INFO  RegistrationTest:45 - Url opened
2021-08-12 16:22:03 INFO  RegistrationTest:45 - Url opened
2021-08-12 16:25:26 INFO  RegistrationTest:45 - Url opened
2021-08-12 16:35:31 INFO  RegistrationTest:45 - Url opened
2021-08-12 16:37:17 INFO  RegistrationTest:45 - Url opened
2021-08-12 16:42:24 INFO  RegistrationTest:45 - Url opened
2021-08-12 16:48:19 INFO  RegistrationTest:45 - Url opened
2021-08-12 16:56:32 INFO  RegistrationTest:45 - Url opened
2021-08-12 16:57:23 INFO  RegistrationTest:45 - Url opened
2021-08-12 16:58:08 INFO  RegistrationTest:45 - Url opened
2021-08-12 16:59:43 INFO  RegistrationTest:45 - Url opened
2021-08-12 17:01:51 INFO  RegistrationTest:45 - Url opened
2021-08-12 17:07:11 INFO  RegistrationTest:45 - Url opened
